<?xml version="1.0" encoding="UTF-8"?>
<!-- Generated by org.testng.reporters.JUnitXMLReporter -->
<testsuite hostname="LAPTOP-N7SUQ0JM" failures="0" tests="4" name="Test" time="6.777" errors="0" timestamp="8 Nov 2022 06:27:43 GMT">
  <testcase classname="amazonpage.server" name="title" time="0.056"/>
  <testcase classname="amazonpage.server" name="CurrentUrl" time="0.023"/>
  <testcase classname="amazonpage.server" name="dropdown" time="0.551"/>
  <testcase classname="amazonpage.server" name="Screenshot" time="0.697"/>
</testsuite> <!-- Test -->
